<?xml version="1.0" encoding="UTF-8"?>
<!-- Generated by org.testng.reporters.JUnitXMLReporter -->
<testsuite hostname="test" ignored="0" name="/Users/zhangc/Desktop/mine/Stu资料/课堂/03 Java基础语言课程/Project/XunitDemo" tests="1" failures="1" timestamp="29 十二月 2018 03:14:30 GMT" time="0.029" errors="0">
  <testcase name="testGetPrice" time="0.0" classname="TestXunit01.ShoppingTest">
    <failure type="org.testng.TestNGException" message="
Method public void TestXunit01.ShoppingTest.testGetPrice(int,int) requires a @DataProvider named : getProPrice in class LoginData01.LoginParams">
      <![CDATA[org.testng.TestNGException: 
Method public void TestXunit01.ShoppingTest.testGetPrice(int,int) requires a @DataProvider named : getProPrice in class LoginData01.LoginParams
... Removed 25 stack frames]]>
    </failure>
  </testcase> <!-- testGetPrice -->
</testsuite> <!-- /Users/zhangc/Desktop/mine/Stu资料/课堂/03 Java基础语言课程/Project/XunitDemo -->
