<?xml version="1.0" encoding="UTF-8"?>
<testng-results skipped="0" failed="1" ignored="0" total="1" passed="0">
  <reporter-output>
  </reporter-output>
  <suite name="All Test Suite" duration-ms="32" started-at="2018-12-29T09:24:28Z" finished-at="2018-12-29T09:24:28Z">
    <groups>
    </groups>
    <test name="/Users/zhangc/Desktop/mine/Stu资料/课堂/03 Java基础语言课程/Project/XunitDemo" duration-ms="32" started-at="2018-12-29T09:24:28Z" finished-at="2018-12-29T09:24:28Z">
      <class name="TestXunit01.ShoppingTest01">
        <test-method status="FAIL" signature="testGetPrice01(int, int)[pri:0, instance:TestXunit01.ShoppingTest01@2ff4f00f]" name="testGetPrice01" duration-ms="18" started-at="2018-12-29T09:24:28Z" data-provider="getProPrive" finished-at="2018-12-29T09:24:28Z">
          <exception class="org.testng.internal.reflect.MethodMatcherException">
            <message>
              <![CDATA[
Data provider mismatch
Method: testGetPrice01([Parameter{index=0, type=int, declaredAnnotations=[]}, Parameter{index=1, type=int, declaredAnnotations=[]}])
Arguments: [(java.lang.Integer) 1,(java.lang.String) 围巾]]]>
            </message>
            <full-stacktrace>
              <![CDATA[org.testng.internal.reflect.MethodMatcherException: 
Data provider mismatch
Method: testGetPrice01([Parameter{index=0, type=int, declaredAnnotations=[]}, Parameter{index=1, type=int, declaredAnnotations=[]}])
Arguments: [(java.lang.Integer) 1,(java.lang.String) 围巾]
at org.testng.internal.reflect.DataProviderMethodMatcher.getConformingArguments(DataProviderMethodMatcher.java:45)
at org.testng.internal.Parameters.injectParameters(Parameters.java:796)
at org.testng.internal.Invoker.invokeTestMethods(Invoker.java:983)
at org.testng.internal.TestMethodWorker.invokeTestMethods(TestMethodWorker.java:125)
at org.testng.internal.TestMethodWorker.run(TestMethodWorker.java:109)
at org.testng.TestRunner.privateRun(TestRunner.java:648)
at org.testng.TestRunner.run(TestRunner.java:505)
at org.testng.SuiteRunner.runTest(SuiteRunner.java:455)
at org.testng.SuiteRunner.runSequentially(SuiteRunner.java:450)
at org.testng.SuiteRunner.privateRun(SuiteRunner.java:415)
at org.testng.SuiteRunner.run(SuiteRunner.java:364)
at org.testng.SuiteRunnerWorker.runSuite(SuiteRunnerWorker.java:52)
at org.testng.SuiteRunnerWorker.run(SuiteRunnerWorker.java:84)
at org.testng.TestNG.runSuitesSequentially(TestNG.java:1208)
at org.testng.TestNG.runSuitesLocally(TestNG.java:1137)
at org.testng.TestNG.runSuites(TestNG.java:1049)
at org.testng.TestNG.run(TestNG.java:1017)
at org.testng.IDEARemoteTestNG.run(IDEARemoteTestNG.java:73)
at org.testng.RemoteTestNGStarter.main(RemoteTestNGStarter.java:123)
]]>
            </full-stacktrace>
          </exception> <!-- org.testng.internal.reflect.MethodMatcherException -->
          <reporter-output>
          </reporter-output>
        </test-method> <!-- testGetPrice01 -->
      </class> <!-- TestXunit01.ShoppingTest01 -->
    </test> <!-- /Users/zhangc/Desktop/mine/Stu资料/课堂/03 Java基础语言课程/Project/XunitDemo -->
  </suite> <!-- All Test Suite -->
</testng-results>
