<?xml version="1.0" encoding="UTF-8"?>
<!-- Generated by org.testng.reporters.JUnitXMLReporter -->
<testsuite hostname="test" ignored="0" name="/Users/zhangc/Desktop/mine/Stu资料/课堂/03 Java基础语言课程/Project/XunitDemo" tests="1" failures="1" timestamp="29 十二月 2018 09:24:28 GMT" time="0.032" errors="0">
  <testcase name="testGetPrice01" time="0.018" classname="TestXunit01.ShoppingTest01">
    <failure type="org.testng.internal.reflect.MethodMatcherException" message="
Data provider mismatch
Method: testGetPrice01([Parameter{index=0, type=int, declaredAnnotations=[]}, Parameter{index=1, type=int, declaredAnnotations=[]}])
Arguments: [(java.lang.Integer) 1,(java.lang.String) 围巾]">
      <![CDATA[org.testng.internal.reflect.MethodMatcherException: 
Data provider mismatch
Method: testGetPrice01([Parameter{index=0, type=int, declaredAnnotations=[]}, Parameter{index=1, type=int, declaredAnnotations=[]}])
Arguments: [(java.lang.Integer) 1,(java.lang.String) 围巾]
... Removed 19 stack frames]]>
    </failure>
  </testcase> <!-- testGetPrice01 -->
</testsuite> <!-- /Users/zhangc/Desktop/mine/Stu资料/课堂/03 Java基础语言课程/Project/XunitDemo -->
